<?xml version="1.0" encoding="UTF-8"?>
<testng-results ignored="0" total="1" passed="1" failed="0" skipped="0">
  <reporter-output>
  </reporter-output>
  <suite started-at="2024-10-18T16:21:59 IST" name="Default suite" finished-at="2024-10-18T16:22:01 IST" duration-ms="2523">
    <groups>
    </groups>
    <test started-at="2024-10-18T16:21:59 IST" name="Default test" finished-at="2024-10-18T16:22:01 IST" duration-ms="2523">
      <class name="com.qa.tests.PostAPITest">
        <test-method is-config="true" signature="setUp()[pri:0, instance:com.qa.tests.PostAPITest@6d4e5011]" started-at="2024-10-18T16:21:59 IST" name="setUp" finished-at="2024-10-18T16:21:59 IST" duration-ms="13" status="PASS">
          <reporter-output>
          </reporter-output>
        </test-method> <!-- setUp -->
        <test-method signature="postAPITest()[pri:0, instance:com.qa.tests.PostAPITest@6d4e5011]" started-at="2024-10-18T16:21:59 IST" name="postAPITest" finished-at="2024-10-18T16:22:01 IST" duration-ms="2436" status="PASS">
          <reporter-output>
          </reporter-output>
        </test-method> <!-- postAPITest -->
      </class> <!-- com.qa.tests.PostAPITest -->
    </test> <!-- Default test -->
  </suite> <!-- Default suite -->
</testng-results>
