<?xml version="1.0" encoding="UTF-8"?>
<!-- Generated by org.testng.reporters.JUnitXMLReporter -->
<testsuite ignored="0" hostname="AMARENDER" failures="0" tests="12" name="Test" time="49.34" errors="0" timestamp="2024-06-20T22:32:38 IST">
  <testcase classname="com.v11.qa.testcases.Search" name="verifySearchingWithoutProvidingAnyProduct" time="0.372"/>
  <testcase classname="com.v11.qa.testcases.Search" name="verifywithEexistingProduct" time="0.412"/>
  <testcase classname="com.v11.qa.testcases.Search" name="verifywithNonExistingProduct" time="0.367"/>
  <testcase classname="com.v11.qa.testcases.Login" name="verifyLoginWithValidCredentials" time="0.86"/>
  <testcase classname="com.v11.qa.testcases.Login" name="verifyLoginWithInvalidCredentials" time="0.766"/>
  <testcase classname="com.v11.qa.testcases.Login" name="verifyLoginWithInvalidEmailAndValidPassword" time="0.74"/>
  <testcase classname="com.v11.qa.testcases.Login" name="verifyLoginWithInvalidPasswordAndValidEmail" time="0.883"/>
  <testcase classname="com.v11.qa.testcases.Login" name="verifyLoginWithoutProvidingCredential" time="0.583"/>
  <testcase classname="com.v11.qa.testcases.Register" name="variyRegisteringAnAccountwithMandatoryFields" time="1.215"/>
  <testcase classname="com.v11.qa.testcases.Register" name="verifyRegisteringAcountByProvidingAllFileds" time="1.98"/>
  <testcase classname="com.v11.qa.testcases.Register" name="verifyRegisteringAcountwithExistingEmail" time="1.08"/>
  <testcase classname="com.v11.qa.testcases.Register" name="verifyRegistingAccountWithoutFillingDetails" time="0.445"/>
</testsuite> <!-- Test -->
