<?xml version="1.0" encoding="UTF-8"?>
<!-- Generated by org.testng.reporters.JUnitXMLReporter -->
<testsuite ignored="0" hostname="AMARENDER" failures="0" tests="12" name="V11 TestScripts" time="1.105" errors="0" timestamp="2024-04-28T21:57:37 IST">
  <testcase classname="com.v11.qa.testcases.Register" name="@BeforeMethod setUp" time="0.092">
    <failure type="java.lang.NullPointerException" message="Cannot invoke &amp;quot;java.util.Properties.getProperty(String)&amp;quot; because &amp;quot;this.prop&amp;quot; is null">
      <![CDATA[java.lang.NullPointerException: Cannot invoke "java.util.Properties.getProperty(String)" because "this.prop" is null
at com.v11.qa.testcases.Register.setUp(Register.java:26)
at java.base/java.util.ArrayList.forEach(ArrayList.java:1511)
... Removed 31 stack frames]]>
    </failure>
  </testcase> <!-- @BeforeMethod setUp -->
  <testcase classname="com.v11.qa.testcases.Register" name="@AfterMethod tearDown" time="0.0">
    <skipped/>
  </testcase> <!-- @AfterMethod tearDown -->
  <testcase classname="com.v11.qa.testcases.Register" name="@BeforeMethod setUp" time="0.0">
    <skipped/>
  </testcase> <!-- @BeforeMethod setUp -->
  <testcase classname="com.v11.qa.testcases.Register" name="@AfterMethod tearDown" time="0.0">
    <skipped/>
  </testcase> <!-- @AfterMethod tearDown -->
  <testcase classname="com.v11.qa.testcases.Register" name="@BeforeMethod setUp" time="0.0">
    <skipped/>
  </testcase> <!-- @BeforeMethod setUp -->
  <testcase classname="com.v11.qa.testcases.Register" name="@AfterMethod tearDown" time="0.0">
    <skipped/>
  </testcase> <!-- @AfterMethod tearDown -->
  <testcase classname="com.v11.qa.testcases.Register" name="@BeforeMethod setUp" time="0.0">
    <skipped/>
  </testcase> <!-- @BeforeMethod setUp -->
  <testcase classname="com.v11.qa.testcases.Register" name="@AfterMethod tearDown" time="0.0">
    <skipped/>
  </testcase> <!-- @AfterMethod tearDown -->
  <testcase classname="com.v11.qa.testcases.Login" name="@BeforeMethod setup" time="0.001">
    <failure type="java.lang.NullPointerException" message="Cannot invoke &amp;quot;java.util.Properties.getProperty(String)&amp;quot; because &amp;quot;this.prop&amp;quot; is null">
      <![CDATA[java.lang.NullPointerException: Cannot invoke "java.util.Properties.getProperty(String)" because "this.prop" is null
at com.v11.qa.testcases.Login.setup(Login.java:29)
at java.base/java.util.ArrayList.forEach(ArrayList.java:1511)
... Removed 31 stack frames]]>
    </failure>
  </testcase> <!-- @BeforeMethod setup -->
  <testcase classname="com.v11.qa.testcases.Login" name="@AfterMethod tearDown" time="0.0">
    <skipped/>
  </testcase> <!-- @AfterMethod tearDown -->
  <testcase classname="com.v11.qa.testcases.Login" name="@BeforeMethod setup" time="0.0">
    <skipped/>
  </testcase> <!-- @BeforeMethod setup -->
  <testcase classname="com.v11.qa.testcases.Login" name="@AfterMethod tearDown" time="0.0">
    <skipped/>
  </testcase> <!-- @AfterMethod tearDown -->
  <testcase classname="com.v11.qa.testcases.Login" name="@BeforeMethod setup" time="0.0">
    <skipped/>
  </testcase> <!-- @BeforeMethod setup -->
  <testcase classname="com.v11.qa.testcases.Login" name="@AfterMethod tearDown" time="0.0">
    <skipped/>
  </testcase> <!-- @AfterMethod tearDown -->
  <testcase classname="com.v11.qa.testcases.Login" name="@BeforeMethod setup" time="0.0">
    <skipped/>
  </testcase> <!-- @BeforeMethod setup -->
  <testcase classname="com.v11.qa.testcases.Login" name="@AfterMethod tearDown" time="0.0">
    <skipped/>
  </testcase> <!-- @AfterMethod tearDown -->
  <testcase classname="com.v11.qa.testcases.Login" name="@BeforeMethod setup" time="0.0">
    <skipped/>
  </testcase> <!-- @BeforeMethod setup -->
  <testcase classname="com.v11.qa.testcases.Login" name="@AfterMethod tearDown" time="0.0">
    <skipped/>
  </testcase> <!-- @AfterMethod tearDown -->
  <testcase classname="com.v11.qa.testcases.Search" name="@BeforeMethod setUp" time="0.0">
    <failure type="java.lang.NullPointerException" message="Cannot invoke &amp;quot;java.util.Properties.getProperty(String)&amp;quot; because &amp;quot;this.prop&amp;quot; is null">
      <![CDATA[java.lang.NullPointerException: Cannot invoke "java.util.Properties.getProperty(String)" because "this.prop" is null
at com.v11.qa.testcases.Search.setUp(Search.java:26)
at java.base/java.util.ArrayList.forEach(ArrayList.java:1511)
... Removed 31 stack frames]]>
    </failure>
  </testcase> <!-- @BeforeMethod setUp -->
  <testcase classname="com.v11.qa.testcases.Search" name="@AfterMethod teatDown" time="0.0">
    <skipped/>
  </testcase> <!-- @AfterMethod teatDown -->
  <testcase classname="com.v11.qa.testcases.Search" name="@BeforeMethod setUp" time="0.0">
    <skipped/>
  </testcase> <!-- @BeforeMethod setUp -->
  <testcase classname="com.v11.qa.testcases.Search" name="@AfterMethod teatDown" time="0.0">
    <skipped/>
  </testcase> <!-- @AfterMethod teatDown -->
  <testcase classname="com.v11.qa.testcases.Search" name="@BeforeMethod setUp" time="0.0">
    <skipped/>
  </testcase> <!-- @BeforeMethod setUp -->
  <testcase classname="com.v11.qa.testcases.Search" name="@AfterMethod teatDown" time="0.0">
    <skipped/>
  </testcase> <!-- @AfterMethod teatDown -->
  <testcase classname="com.v11.qa.testcases.Register" name="variyRegisteringAnAccountwithMandatoryFields" time="0.001">
    <skipped/>
  </testcase> <!-- variyRegisteringAnAccountwithMandatoryFields -->
  <testcase classname="com.v11.qa.testcases.Register" name="verifyRegisteringAcountByProvidingAllFileds" time="0.001">
    <skipped/>
  </testcase> <!-- verifyRegisteringAcountByProvidingAllFileds -->
  <testcase classname="com.v11.qa.testcases.Register" name="verifyRegisteringAcountwithExistingEmail" time="0.001">
    <skipped/>
  </testcase> <!-- verifyRegisteringAcountwithExistingEmail -->
  <testcase classname="com.v11.qa.testcases.Register" name="verifyRegistingAccountWithoutFillingDetails" time="0.0">
    <skipped/>
  </testcase> <!-- verifyRegistingAccountWithoutFillingDetails -->
  <testcase classname="com.v11.qa.testcases.Login" name="verifyLoginWithValidCredentials" time="0.0">
    <skipped/>
  </testcase> <!-- verifyLoginWithValidCredentials -->
  <testcase classname="com.v11.qa.testcases.Login" name="verifyLoginWithInvalidCredentials" time="0.001">
    <skipped/>
  </testcase> <!-- verifyLoginWithInvalidCredentials -->
  <testcase classname="com.v11.qa.testcases.Login" name="verifyLoginWithInvalidEmailAndValidPassword" time="0.001">
    <skipped/>
  </testcase> <!-- verifyLoginWithInvalidEmailAndValidPassword -->
  <testcase classname="com.v11.qa.testcases.Login" name="verifyLoginWithInvalidPasswordAndValidEmail" time="0.0">
    <skipped/>
  </testcase> <!-- verifyLoginWithInvalidPasswordAndValidEmail -->
  <testcase classname="com.v11.qa.testcases.Login" name="verifyLoginWithoutProvidingCredential" time="0.0">
    <skipped/>
  </testcase> <!-- verifyLoginWithoutProvidingCredential -->
  <testcase classname="com.v11.qa.testcases.Search" name="verifySearchingWithoutProvidingAnyProduct" time="0.0">
    <skipped/>
  </testcase> <!-- verifySearchingWithoutProvidingAnyProduct -->
  <testcase classname="com.v11.qa.testcases.Search" name="verifywithEexistingProduct" time="0.0">
    <skipped/>
  </testcase> <!-- verifywithEexistingProduct -->
  <testcase classname="com.v11.qa.testcases.Search" name="verifywithNonExistingProduct" time="0.001">
    <skipped/>
  </testcase> <!-- verifywithNonExistingProduct -->
</testsuite> <!-- V11 TestScripts -->
